<?xml version="1.0" encoding="UTF-8"?>
<testsuite xmlns:xsi="http://www.w3.org/2001/XMLSchema-instance" xsi:noNamespaceSchemaLocation="https://maven.apache.org/surefire/maven-surefire-plugin/xsd/surefire-test-report.xsd" name="ba.unsa.etf.rpr.AppTest" time="0.03" tests="1" errors="0" skipped="0" failures="0">
  <properties>
    <property name="java.specification.version" value="19"/>
    <property name="sun.cpu.isalist" value="amd64"/>
    <property name="sun.jnu.encoding" value="Cp1252"/>
    <property name="java.class.path" value="C:\Users\Naida\Desktop\FAKULTET\RPR_tutorijali\Tutorijal 2\Tut2_Zadatak_1\target\test-classes;C:\Users\Naida\Desktop\FAKULTET\RPR_tutorijali\Tutorijal 2\Tut2_Zadatak_1\target\classes;C:\Users\Naida\.m2\repository\junit\junit\4.11\junit-4.11.jar;C:\Users\Naida\.m2\repository\org\hamcrest\hamcrest-core\1.3\hamcrest-core-1.3.jar;"/>
    <property name="java.vm.vendor" value="Oracle Corporation"/>
    <property name="sun.arch.data.model" value="64"/>
    <property name="user.variant" value=""/>
    <property name="java.vendor.url" value="https://java.oracle.com/"/>
    <property name="user.timezone" value="Europe/Sarajevo"/>
    <property name="user.country.format" value="BA"/>
    <property name="os.name" value="Windows 10"/>
    <property name="java.vm.specification.version" value="19"/>
    <property name="sun.java.launcher" value="SUN_STANDARD"/>
    <property name="user.country" value="US"/>
    <property name="sun.boot.library.path" value="C:\Program Files\Java\jdk-19.0.1\bin"/>
    <property name="sun.java.command" value="C:\Users\Naida\AppData\Local\Temp\surefire13119413494060634970\surefirebooter9142052009485238277.jar C:\Users\Naida\AppData\Local\Temp\surefire13119413494060634970 2022-10-29T17-08-12_950-jvmRun1 surefire15494798180071682617tmp surefire_012697856122000159785tmp"/>
    <property name="jdk.debug" value="release"/>
    <property name="surefire.test.class.path" value="C:\Users\Naida\Desktop\FAKULTET\RPR_tutorijali\Tutorijal 2\Tut2_Zadatak_1\target\test-classes;C:\Users\Naida\Desktop\FAKULTET\RPR_tutorijali\Tutorijal 2\Tut2_Zadatak_1\target\classes;C:\Users\Naida\.m2\repository\junit\junit\4.11\junit-4.11.jar;C:\Users\Naida\.m2\repository\org\hamcrest\hamcrest-core\1.3\hamcrest-core-1.3.jar;"/>
    <property name="sun.cpu.endian" value="little"/>
    <property name="user.home" value="C:\Users\Naida"/>
    <property name="user.language" value="en"/>
    <property name="java.specification.vendor" value="Oracle Corporation"/>
    <property name="java.version.date" value="2022-10-18"/>
    <property name="java.home" value="C:\Program Files\Java\jdk-19.0.1"/>
    <property name="file.separator" value="\"/>
    <property name="basedir" value="C:\Users\Naida\Desktop\FAKULTET\RPR_tutorijali\Tutorijal 2\Tut2_Zadatak_1"/>
    <property name="java.vm.compressedOopsMode" value="Zero based"/>
    <property name="line.separator" value="&#10;"/>
    <property name="java.vm.specification.vendor" value="Oracle Corporation"/>
    <property name="java.specification.name" value="Java Platform API Specification"/>
    <property name="surefire.real.class.path" value="C:\Users\Naida\AppData\Local\Temp\surefire13119413494060634970\surefirebooter9142052009485238277.jar"/>
    <property name="user.script" value=""/>
    <property name="user.script.format" value="Latn"/>
    <property name="sun.management.compiler" value="HotSpot 64-Bit Tiered Compilers"/>
    <property name="java.runtime.version" value="19.0.1+10-21"/>
    <property name="user.name" value="Naida"/>
    <property name="stdout.encoding" value="Cp1252"/>
    <property name="path.separator" value=";"/>
    <property name="os.version" value="10.0"/>
    <property name="java.runtime.name" value="Java(TM) SE Runtime Environment"/>
    <property name="file.encoding" value="UTF-8"/>
    <property name="java.vm.name" value="Java HotSpot(TM) 64-Bit Server VM"/>
    <property name="localRepository" value="C:\Users\Naida\.m2\repository"/>
    <property name="java.vendor.url.bug" value="https://bugreport.java.com/bugreport/"/>
    <property name="java.io.tmpdir" value="C:\Users\Naida\AppData\Local\Temp\"/>
    <property name="idea.version" value="2022.2.3"/>
    <property name="java.version" value="19.0.1"/>
    <property name="user.dir" value="C:\Users\Naida\Desktop\FAKULTET\RPR_tutorijali\Tutorijal 2\Tut2_Zadatak_1"/>
    <property name="os.arch" value="amd64"/>
    <property name="java.vm.specification.name" value="Java Virtual Machine Specification"/>
    <property name="user.language.format" value="bs"/>
    <property name="sun.os.patch.level" value=""/>
    <property name="native.encoding" value="Cp1252"/>
    <property name="java.library.path" value="C:\Program Files\Java\jdk-19.0.1\bin;C:\Windows\Sun\Java\bin;C:\Windows\system32;C:\Windows;C:\Program Files\Python310\Scripts\;C:\Program Files\Python310\;C:\Windows\system32;C:\Windows;C:\Windows\System32\Wbem;C:\Windows\System32\WindowsPowerShell\v1.0\;C:\Windows\System32\OpenSSH\;C:\Program Files (x86)\nasm;C:\Users\Naida\AppData\Local\bin\NASM;C:\Program Files (x86)\Dev-Cpp\MinGW64\bin;C:\Users\Naida\Desktop\FAKULTET\Sistemsko programiranje\golink;C:\Users\Naida\Desktop\FAKULTET\Sistemsko programiranje\odbg;C:\Program Files\dotnet\;C:\Program Files\Microsoft SQL Server\150\Tools\Binn\;C:\Program Files\Microsoft SQL Server\Client SDK\ODBC\170\Tools\Binn\;C:\Program Files\MATLAB\R2022a\bin;C:\Program Files (x86)\Microsoft SQL Server\150\DTS\Binn\;C:\Program Files\Azure Data Studio\bin;C:\Program Files\Git\cmd;C:\Program Files\Java\jdk-19.0.1\bin;C:\Program Files\Maven\apache-maven-3.8.6\bin;%JAVA_HOME%\bin;C:\Program Files\Python\Python39\Scripts\;C:\Program Files\Python\Python39\;C:\Users\Naida\AppData\Local\Microsoft\WindowsApps;C:\Users\Naida\AppData\Local\GitHubDesktop\bin;C:\Users\Naida\AppData\Local\Programs\MiKTeX\miktex\bin\x64\;C:\Program Files\Azure Data Studio\bin;;C:\Users\Naida\AppData\Local\Programs\Microsoft VS Code\bin;C:\Users\Naida\AppData\Local\Programs\Julia-1.8.2\bin;C:\Users\Naida\.dotnet\tools;."/>
    <property name="java.vm.info" value="mixed mode, sharing"/>
    <property name="stderr.encoding" value="Cp1252"/>
    <property name="java.vendor" value="Oracle Corporation"/>
    <property name="java.vm.version" value="19.0.1+10-21"/>
    <property name="sun.io.unicode.encoding" value="UnicodeLittle"/>
    <property name="java.class.version" value="63.0"/>
  </properties>
  <testcase name="shouldAnswerWithTrue" classname="ba.unsa.etf.rpr.AppTest" time="0.003"/>
</testsuite>